2023-06-13 00:26:06 [WARN][org.springframework.context.annotation.ClassPathScanningCandidateComponentProvider][doScan][166]-> No MyBatis mapper was found in '[com.DreamBBS.mappers]' package. Please check your configuration.
2023-06-13 00:55:34 [INFO][com.zaxxer.hikari.HikariDataSource][close][350]-> HikariCPDatasource - Shutdown initiated...
2023-06-13 00:55:34 [INFO][com.zaxxer.hikari.HikariDataSource][close][352]-> HikariCPDatasource - Shutdown completed.
2023-06-13 00:55:41 [INFO][com.DreamBBS.DreamBBSWebApplication][logStarting][55]-> Starting DreamBBSWebApplication using Java 1.8.0_371 on DESKTOP-813167Q with PID 32308 (E:\Program\DreamBBS-manage\DreamBBS\DreamBBS-web\target\classes started by Ender in E:\Program\DreamBBS-manage)
2023-06-13 00:55:41 [INFO][com.DreamBBS.DreamBBSWebApplication][logStartupProfileInfo][635]-> No active profile set, falling back to default profiles: default
2023-06-13 00:55:41 [INFO][org.springframework.boot.web.embedded.tomcat.TomcatWebServer][initialize][108]-> Tomcat initialized with port(s): 7070 (http)
2023-06-13 00:55:41 [INFO][org.apache.coyote.http11.Http11NioProtocol][log][173]-> Initializing ProtocolHandler ["http-nio-7070"]
2023-06-13 00:55:41 [INFO][org.apache.catalina.core.StandardService][log][173]-> Starting service [Tomcat]
2023-06-13 00:55:41 [INFO][org.apache.catalina.core.StandardEngine][log][173]-> Starting Servlet engine: [Apache Tomcat/9.0.55]
2023-06-13 00:55:42 [INFO][org.apache.catalina.core.ContainerBase.[Tomcat].[localhost].[/api]][log][173]-> Initializing Spring embedded WebApplicationContext
2023-06-13 00:55:42 [INFO][org.springframework.boot.web.servlet.context.ServletWebServerApplicationContext][prepareWebApplicationContext][290]-> Root WebApplicationContext: initialization completed in 972 ms
2023-06-13 00:55:42 [WARN][org.springframework.boot.autoconfigure.freemarker.FreeMarkerAutoConfiguration][checkTemplateLocationExists][65]-> Cannot find template location(s): [classpath:/templates/] (please add some templates, check your FreeMarker configuration, or set spring.freemarker.checkTemplateLocation=false)
2023-06-13 00:55:42 [INFO][org.apache.coyote.http11.Http11NioProtocol][log][173]-> Starting ProtocolHandler ["http-nio-7070"]
2023-06-13 00:55:42 [INFO][org.springframework.boot.web.embedded.tomcat.TomcatWebServer][start][220]-> Tomcat started on port(s): 7070 (http) with context path '/api'
2023-06-13 00:55:42 [INFO][com.DreamBBS.DreamBBSWebApplication][logStarted][61]-> Started DreamBBSWebApplication in 2.424 seconds (JVM running for 4.093)
2023-06-13 00:57:14 [INFO][org.apache.catalina.core.ContainerBase.[Tomcat].[localhost].[/api]][log][173]-> Initializing Spring DispatcherServlet 'dispatcherServlet'
2023-06-13 00:57:14 [INFO][org.springframework.web.servlet.DispatcherServlet][initServletBean][525]-> Initializing Servlet 'dispatcherServlet'
2023-06-13 00:57:14 [INFO][org.springframework.web.servlet.DispatcherServlet][initServletBean][547]-> Completed initialization in 1 ms
2023-06-13 00:57:14 [WARN][org.springframework.web.servlet.PageNotFound][noHandlerFound][1278]-> No mapping for POST /api/file/getAvatar/
2023-06-13 00:57:14 [ERROR][com.DreamBBS.controller.AGlobalExceptionHandlerController][handleException][25]-> 请求错误，请求地址http://localhost:7070/api/file/getAvatar/,错误信息:
org.springframework.web.servlet.NoHandlerFoundException: No handler found for POST /api/file/getAvatar/
	at org.springframework.web.servlet.DispatcherServlet.noHandlerFound(DispatcherServlet.java:1282)
	at org.springframework.web.servlet.DispatcherServlet.doDispatch(DispatcherServlet.java:1045)
	at org.springframework.web.servlet.DispatcherServlet.doService(DispatcherServlet.java:963)
	at org.springframework.web.servlet.FrameworkServlet.processRequest(FrameworkServlet.java:1006)
	at org.springframework.web.servlet.FrameworkServlet.doPost(FrameworkServlet.java:909)
	at javax.servlet.http.HttpServlet.service(HttpServlet.java:681)
	at org.springframework.web.servlet.FrameworkServlet.service(FrameworkServlet.java:883)
	at javax.servlet.http.HttpServlet.service(HttpServlet.java:764)
	at org.apache.catalina.core.ApplicationFilterChain.internalDoFilter(ApplicationFilterChain.java:227)
	at org.apache.catalina.core.ApplicationFilterChain.doFilter(ApplicationFilterChain.java:162)
	at org.apache.tomcat.websocket.server.WsFilter.doFilter(WsFilter.java:53)
	at org.apache.catalina.core.ApplicationFilterChain.internalDoFilter(ApplicationFilterChain.java:189)
	at org.apache.catalina.core.ApplicationFilterChain.doFilter(ApplicationFilterChain.java:162)
	at org.springframework.web.filter.RequestContextFilter.doFilterInternal(RequestContextFilter.java:100)
	at org.springframework.web.filter.OncePerRequestFilter.doFilter(OncePerRequestFilter.java:119)
	at org.apache.catalina.core.ApplicationFilterChain.internalDoFilter(ApplicationFilterChain.java:189)
	at org.apache.catalina.core.ApplicationFilterChain.doFilter(ApplicationFilterChain.java:162)
	at org.springframework.web.filter.FormContentFilter.doFilterInternal(FormContentFilter.java:93)
	at org.springframework.web.filter.OncePerRequestFilter.doFilter(OncePerRequestFilter.java:119)
	at org.apache.catalina.core.ApplicationFilterChain.internalDoFilter(ApplicationFilterChain.java:189)
	at org.apache.catalina.core.ApplicationFilterChain.doFilter(ApplicationFilterChain.java:162)
	at org.springframework.web.filter.CharacterEncodingFilter.doFilterInternal(CharacterEncodingFilter.java:201)
	at org.springframework.web.filter.OncePerRequestFilter.doFilter(OncePerRequestFilter.java:119)
	at org.apache.catalina.core.ApplicationFilterChain.internalDoFilter(ApplicationFilterChain.java:189)
	at org.apache.catalina.core.ApplicationFilterChain.doFilter(ApplicationFilterChain.java:162)
	at org.apache.catalina.core.StandardWrapperValve.invoke(StandardWrapperValve.java:197)
	at org.apache.catalina.core.StandardContextValve.__invoke(StandardContextValve.java:97)
	at org.apache.catalina.core.StandardContextValve.invoke(StandardContextValve.java:41002)
	at org.apache.catalina.authenticator.AuthenticatorBase.invoke(AuthenticatorBase.java:540)
	at org.apache.catalina.core.StandardHostValve.invoke(StandardHostValve.java:135)
	at org.apache.catalina.valves.ErrorReportValve.invoke(ErrorReportValve.java:92)
	at org.apache.catalina.core.StandardEngineValve.invoke(StandardEngineValve.java:78)
	at org.apache.catalina.connector.CoyoteAdapter.service(CoyoteAdapter.java:357)
	at org.apache.coyote.http11.Http11Processor.service(Http11Processor.java:382)
	at org.apache.coyote.AbstractProcessorLight.process(AbstractProcessorLight.java:65)
	at org.apache.coyote.AbstractProtocol$ConnectionHandler.process(AbstractProtocol.java:895)
	at org.apache.tomcat.util.net.NioEndpoint$SocketProcessor.doRun(NioEndpoint.java:1722)
	at org.apache.tomcat.util.net.SocketProcessorBase.run(SocketProcessorBase.java:49)
	at org.apache.tomcat.util.threads.ThreadPoolExecutor.runWorker(ThreadPoolExecutor.java:1191)
	at org.apache.tomcat.util.threads.ThreadPoolExecutor$Worker.run(ThreadPoolExecutor.java:659)
	at org.apache.tomcat.util.threads.TaskThread$WrappingRunnable.run(TaskThread.java:61)
	at java.lang.Thread.run(Thread.java:750)
